[debug] [2022-05-21T12:30:57.447Z] ----------------------------------------------------------------------
[debug] [2022-05-21T12:30:57.449Z] Command:       C:\Program Files\nodejs\node.exe C:\Users\wajiz.pk\AppData\Roaming\npm\node_modules\firebase-tools\lib\bin\firebase.js init
[debug] [2022-05-21T12:30:57.450Z] CLI Version:   11.0.0
[debug] [2022-05-21T12:30:57.450Z] Platform:      win32
[debug] [2022-05-21T12:30:57.450Z] Node Version:  v17.1.0
[debug] [2022-05-21T12:30:57.451Z] Time:          Sat May 21 2022 17:30:57 GMT+0500 (Pakistan Standard Time)
[debug] [2022-05-21T12:30:57.452Z] ----------------------------------------------------------------------
[debug] 
[debug] [2022-05-21T12:30:57.462Z] > command requires scopes: ["email","openid","https://www.googleapis.com/auth/cloudplatformprojects.readonly","https://www.googleapis.com/auth/firebase","https://www.googleapis.com/auth/cloud-platform"]
[debug] [2022-05-21T12:30:57.463Z] > authorizing via signed-in user (hamzapervez397@gmail.com)
[info] 
     ######## #### ########  ######## ########     ###     ######  ########
     ##        ##  ##     ## ##       ##     ##  ##   ##  ##       ##
     ######    ##  ########  ######   ########  #########  ######  ######
     ##        ##  ##    ##  ##       ##     ## ##     ##       ## ##
     ##       #### ##     ## ######## ########  ##     ##  ######  ########

You're about to initialize a Firebase project in this directory:

  F:\My Learnings\Angular\HTML LEARNING\module_2\Bitrupt-module-1-task-9

[info] 
=== Project Setup
[info] 
[info] First, let's associate this project directory with a Firebase project.
[info] You can create multiple project aliases by running firebase use --add, 
[info] but for now we'll just set up a default project.
[info] 
[debug] [2022-05-21T12:35:55.686Z] >>> [apiv2][query] GET https://firebase.googleapis.com/v1beta1/projects pageSize=100
[debug] [2022-05-21T12:35:56.488Z] <<< [apiv2][status] GET https://firebase.googleapis.com/v1beta1/projects 200
[debug] [2022-05-21T12:35:56.489Z] <<< [apiv2][body] GET https://firebase.googleapis.com/v1beta1/projects [omitted]
[info] i  Using project module-2-188a6 (Module 2) 
[info] 
=== Database Setup
[info] i  database: ensuring required API firebasedatabase.googleapis.com is enabled... 
[debug] [2022-05-21T12:36:06.220Z] >>> [apiv2][query] GET https://serviceusage.googleapis.com/v1/projects/module-2-188a6/services/firebasedatabase.googleapis.com [none]
[debug] [2022-05-21T12:36:07.956Z] <<< [apiv2][status] GET https://serviceusage.googleapis.com/v1/projects/module-2-188a6/services/firebasedatabase.googleapis.com 200
[debug] [2022-05-21T12:36:07.957Z] <<< [apiv2][body] GET https://serviceusage.googleapis.com/v1/projects/module-2-188a6/services/firebasedatabase.googleapis.com [omitted]
[warn] !  database: missing required API firebasedatabase.googleapis.com. Enabling now... 
[debug] [2022-05-21T12:36:07.960Z] >>> [apiv2][query] POST https://serviceusage.googleapis.com/v1/projects/module-2-188a6/services/firebasedatabase.googleapis.com:enable [none]
[debug] [2022-05-21T12:36:09.952Z] <<< [apiv2][status] POST https://serviceusage.googleapis.com/v1/projects/module-2-188a6/services/firebasedatabase.googleapis.com:enable 200
[debug] [2022-05-21T12:36:09.953Z] <<< [apiv2][body] POST https://serviceusage.googleapis.com/v1/projects/module-2-188a6/services/firebasedatabase.googleapis.com:enable [omitted]
[debug] [2022-05-21T12:36:19.962Z] >>> [apiv2][query] GET https://serviceusage.googleapis.com/v1/projects/module-2-188a6/services/firebasedatabase.googleapis.com [none]
[debug] [2022-05-21T12:36:21.561Z] <<< [apiv2][status] GET https://serviceusage.googleapis.com/v1/projects/module-2-188a6/services/firebasedatabase.googleapis.com 200
[debug] [2022-05-21T12:36:21.561Z] <<< [apiv2][body] GET https://serviceusage.googleapis.com/v1/projects/module-2-188a6/services/firebasedatabase.googleapis.com [omitted]
[info] +  database: required API firebasedatabase.googleapis.com is enabled 
[info] 
[debug] [2022-05-21T12:36:21.580Z] >>> [apiv2][query] GET https://firebase.googleapis.com/v1beta1/projects/module-2-188a6 [none]
[debug] [2022-05-21T12:36:22.100Z] <<< [apiv2][status] GET https://firebase.googleapis.com/v1beta1/projects/module-2-188a6 200
[debug] [2022-05-21T12:36:22.100Z] <<< [apiv2][body] GET https://firebase.googleapis.com/v1beta1/projects/module-2-188a6 {"projectId":"module-2-188a6","projectNumber":"549771824046","displayName":"Module 2","name":"projects/module-2-188a6","resources":{"hostingSite":"module-2-188a6"},"state":"ACTIVE"}
[debug] [2022-05-21T12:37:17.350Z] > refreshing access token with scopes: ["email","https://www.googleapis.com/auth/cloud-platform","https://www.googleapis.com/auth/cloudplatformprojects.readonly","https://www.googleapis.com/auth/firebase","openid"]
[debug] [2022-05-21T12:37:17.351Z] >>> HTTP REQUEST POST https://www.googleapis.com/oauth2/v3/token  
 <request body omitted>
[debug] [2022-05-21T12:37:17.744Z] <<< HTTP RESPONSE 200 {"pragma":"no-cache","date":"Sat, 21 May 2022 12:37:17 GMT","expires":"Mon, 01 Jan 1990 00:00:00 GMT","cache-control":"no-cache, no-store, max-age=0, must-revalidate","content-type":"application/json; charset=utf-8","vary":"X-Origin, Referer, Origin,Accept-Encoding","server":"scaffolding on HTTPServer2","x-xss-protection":"0","x-frame-options":"SAMEORIGIN","x-content-type-options":"nosniff","alt-svc":"h3=\":443\"; ma=2592000,h3-29=\":443\"; ma=2592000,h3-Q050=\":443\"; ma=2592000,h3-Q046=\":443\"; ma=2592000,h3-Q043=\":443\"; ma=2592000,quic=\":443\"; ma=2592000; v=\"46,43\"","accept-ranges":"none","transfer-encoding":"chunked"}
[debug] [2022-05-21T12:37:17.775Z] >>> HTTP REQUEST POST https://firebasedatabase.googleapis.com/v1beta/projects/module-2-188a6/locations/asia-southeast1/instances?databaseId=module-2-188a6-default-rtdb&validateOnly=true  
 {"type":"default_database"}
[debug] [2022-05-21T12:37:18.751Z] <<< HTTP RESPONSE 200 {"content-type":"application/json; charset=UTF-8","vary":"X-Origin, Referer, Origin,Accept-Encoding","date":"Sat, 21 May 2022 12:37:18 GMT","server":"ESF","cache-control":"private","x-xss-protection":"0","x-frame-options":"SAMEORIGIN","x-content-type-options":"nosniff","alt-svc":"h3=\":443\"; ma=2592000,h3-29=\":443\"; ma=2592000,h3-Q050=\":443\"; ma=2592000,h3-Q046=\":443\"; ma=2592000,h3-Q043=\":443\"; ma=2592000,quic=\":443\"; ma=2592000; v=\"46,43\"","accept-ranges":"none","transfer-encoding":"chunked"}
[debug] [2022-05-21T12:37:18.758Z] >>> HTTP REQUEST POST https://firebasedatabase.googleapis.com/v1beta/projects/module-2-188a6/locations/asia-southeast1/instances?databaseId=module-2-188a6-default-rtdb  
 {"type":"default_database"}
[debug] [2022-05-21T12:37:19.814Z] <<< HTTP RESPONSE 200 {"content-type":"application/json; charset=UTF-8","vary":"X-Origin, Referer, Origin,Accept-Encoding","date":"Sat, 21 May 2022 12:37:19 GMT","server":"ESF","cache-control":"private","x-xss-protection":"0","x-frame-options":"SAMEORIGIN","x-content-type-options":"nosniff","alt-svc":"h3=\":443\"; ma=2592000,h3-29=\":443\"; ma=2592000,h3-Q050=\":443\"; ma=2592000,h3-Q046=\":443\"; ma=2592000,h3-Q043=\":443\"; ma=2592000,quic=\":443\"; ma=2592000; v=\"46,43\"","accept-ranges":"none","transfer-encoding":"chunked"}
[info] 
[info] Firebase Realtime Database Security Rules allow you to define how your data should be
[info] structured and when your data can be read from and written to.
[info] 
[debug] [2022-05-21T12:38:10.964Z] >>> HTTP REQUEST GET https://module-2-188a6-default-rtdb.asia-southeast1.firebasedatabase.app/.settings/rules.json  
 
[debug] [2022-05-21T12:38:13.970Z] <<< HTTP RESPONSE 200 {"server":"nginx","date":"Sat, 21 May 2022 12:38:13 GMT","content-type":"application/json; charset=utf-8","content-length":"161","connection":"keep-alive","access-control-allow-origin":"*","cache-control":"no-cache","strict-transport-security":"max-age=31556926; includeSubDomains; preload"}
[info] +  Database Rules for module-2-188a6-default-rtdb have been written to database.rules.json. 
[info] Future modifications to database.rules.json will update Realtime Database Security Rules when you run
[info] firebase deploy.
[info] 
=== Hosting Setup
[info] 
[info] Your public directory is the folder (relative to your project directory) that
[info] will contain Hosting assets to be uploaded with firebase deploy. If you
[info] have a build process for your assets, use your build's output directory.
[info] 
[info] +  Wrote y/404.html 
[debug] [2022-05-21T12:38:42.925Z] >>> [apiv2][query] GET https://www.gstatic.com/firebasejs/releases.json [none]
[debug] [2022-05-21T12:38:43.279Z] <<< [apiv2][status] GET https://www.gstatic.com/firebasejs/releases.json 200
[debug] [2022-05-21T12:38:43.280Z] <<< [apiv2][body] GET https://www.gstatic.com/firebasejs/releases.json {"current":{"version":"9.8.1","browserURL":"https://www.gstatic.com/firebasejs/9.8.1/firebase.js","packageURL":"https://www.gstatic.com/firebasejs/9.8.1/firebase.tgz"},"live":{"version":"9.8","browserURL":"https://www.gstatic.com/firebasejs/live/9.8/firebase.js","packageURL":"https://www.gstatic.com/firebasejs/live/9.8/firebase.tgz"},"components":{"analytics":"https://www.gstatic.com/firebasejs/9.8.1/firebase-analytics.js","app":"https://www.gstatic.com/firebasejs/9.8.1/firebase-app.js","app-check":"https://www.gstatic.com/firebasejs/9.8.1/firebase-app-check.js","auth":"https://www.gstatic.com/firebasejs/9.8.1/firebase-auth.js","auth/cordova":"https://www.gstatic.com/firebasejs/9.8.1/firebase-auth/cordova.js","auth/react-native":"https://www.gstatic.com/firebasejs/9.8.1/firebase-auth/react-native.js","functions":"https://www.gstatic.com/firebasejs/9.8.1/firebase-functions.js","firestore":"https://www.gstatic.com/firebasejs/9.8.1/firebase-firestore.js","firestore/lite":"https://www.gstatic.com/firebasejs/9.8.1/firebase-firestore/lite.js","storage":"https://www.gstatic.com/firebasejs/9.8.1/firebase-storage.js","performance":"https://www.gstatic.com/firebasejs/9.8.1/firebase-performance.js","remote-config":"https://www.gstatic.com/firebasejs/9.8.1/firebase-remote-config.js","messaging":"https://www.gstatic.com/firebasejs/9.8.1/firebase-messaging.js","messaging/sw":"https://www.gstatic.com/firebasejs/9.8.1/firebase-messaging/sw.js","database":"https://www.gstatic.com/firebasejs/9.8.1/firebase-database.js","firestore.memory":"https://www.gstatic.com/firebasejs/9.8.1/firebase-firestore.memory.js"}}
[info] +  Wrote y/index.html 
[info] 
[info] i  Didn't detect a .git folder. Assuming F:\My Learnings\Angular\HTML LEARNING\module_2\Bitrupt-module-1-task-9 is the project root. 
[info] i  Authorizing with GitHub to upload your service account to a GitHub repository's secrets store. 
[info] 
[info] Visit this URL on this device to log in:
[info] https://github.com/login/oauth/authorize?client_id=89cf50f02ac6aaed3484&state=684828281&redirect_uri=http%3A%2F%2Flocalhost%3A9005&scope=read%3Auser%20repo%20public_repo
[info] 
[info] Waiting for authentication...
[debug] [2022-05-21T12:41:13.142Z] >>> HTTP REQUEST POST https://github.com/login/oauth/access_token  
 {"client_id":"89cf50f02ac6aaed3484","client_secret":"3330d14abc895d9a74d5f17cd7a00711fa2c5bf0","code":"a7af885bdf28a4f22398","redirect_uri":"http://localhost:9005","state":"684828281"}
[debug] [2022-05-21T12:41:13.603Z] <<< HTTP RESPONSE 200 {"server":"GitHub.com","date":"Sat, 21 May 2022 12:41:13 GMT","content-type":"application/json; charset=utf-8","transfer-encoding":"chunked","vary":"X-PJAX, X-PJAX-Container, Turbo-Visit, Turbo-Frame, Accept-Encoding, Accept, X-Requested-With","permissions-policy":"interest-cohort=()","etag":"W/\"1f15d9c04cbd335210a95d7a041584d7\"","cache-control":"max-age=0, private, must-revalidate","strict-transport-security":"max-age=31536000; includeSubdomains; preload","x-frame-options":"deny","x-content-type-options":"nosniff","x-xss-protection":"0","referrer-policy":"origin-when-cross-origin, strict-origin-when-cross-origin","expect-ct":"max-age=2592000, report-uri=\"https://api.github.com/_private/browser/errors\"","content-security-policy":"default-src 'none'; base-uri 'self'; block-all-mixed-content; child-src github.com/assets-cdn/worker/ gist.github.com/assets-cdn/worker/; connect-src 'self' uploads.github.com objects-origin.githubusercontent.com www.githubstatus.com collector.github.com raw.githubusercontent.com api.github.com github-cloud.s3.amazonaws.com github-production-repository-file-5c1aeb.s3.amazonaws.com github-production-upload-manifest-file-7fdce7.s3.amazonaws.com github-production-user-asset-6210df.s3.amazonaws.com cdn.optimizely.com logx.optimizely.com/v1/events translator.github.com *.actions.githubusercontent.com wss://*.actions.githubusercontent.com online.visualstudio.com/api/v1/locations github-production-repository-image-32fea6.s3.amazonaws.com github-production-release-asset-2e65be.s3.amazonaws.com insights.github.com wss://alive.github.com; font-src github.githubassets.com; form-action 'self' github.com gist.github.com objects-origin.githubusercontent.com; frame-ancestors 'none'; frame-src render.githubusercontent.com viewscreen.githubusercontent.com notebooks.githubusercontent.com; img-src 'self' data: github.githubassets.com identicons.github.com github-cloud.s3.amazonaws.com secured-user-images.githubusercontent.com/ *.githubusercontent.com; manifest-src 'self'; media-src github.com user-images.githubusercontent.com/; script-src github.githubassets.com; style-src 'unsafe-inline' github.githubassets.com; worker-src github.com/assets-cdn/worker/ gist.github.com/assets-cdn/worker/","x-github-request-id":"A11A:0B7C:5D4B59:79DF62:6288DDE9"}
[debug] [2022-05-21T12:41:13.620Z] >>> [apiv2][query] GET https://api.github.com/user [none]
[debug] [2022-05-21T12:41:14.107Z] <<< [apiv2][status] GET https://api.github.com/user 200
[debug] [2022-05-21T12:41:14.107Z] <<< [apiv2][body] GET https://api.github.com/user {"login":"Hamza1506","id":105803091,"node_id":"U_kgDOBk5tUw","avatar_url":"https://avatars.githubusercontent.com/u/105803091?v=4","gravatar_id":"","url":"https://api.github.com/users/Hamza1506","html_url":"https://github.com/Hamza1506","followers_url":"https://api.github.com/users/Hamza1506/followers","following_url":"https://api.github.com/users/Hamza1506/following{/other_user}","gists_url":"https://api.github.com/users/Hamza1506/gists{/gist_id}","starred_url":"https://api.github.com/users/Hamza1506/starred{/owner}{/repo}","subscriptions_url":"https://api.github.com/users/Hamza1506/subscriptions","organizations_url":"https://api.github.com/users/Hamza1506/orgs","repos_url":"https://api.github.com/users/Hamza1506/repos","events_url":"https://api.github.com/users/Hamza1506/events{/privacy}","received_events_url":"https://api.github.com/users/Hamza1506/received_events","type":"User","site_admin":false,"name":null,"company":null,"blog":"","location":null,"email":null,"hireable":null,"bio":null,"twitter_username":null,"public_repos":1,"public_gists":0,"followers":1,"following":0,"created_at":"2022-05-18T14:47:15Z","updated_at":"2022-05-18T14:50:26Z","private_gists":0,"total_private_repos":0,"owned_private_repos":0,"disk_usage":3638,"collaborators":0,"two_factor_authentication":false,"plan":{"name":"free","space":976562499,"collaborators":0,"private_repos":10000}}
[info] 
[info] +  Success! Logged into GitHub as Hamza1506 
[info] 
